04/11/2020, 14:00:24   ('Argument List:', "['irr.py', 'start', '1', '1']", '\n---------------------------------------------- ')
04/11/2020, 14:01:01   ('Argument List:', "['irr.py', 'start', '1', '1', '2', '3', '4', '5', '6']", '\n---------------------------------------------- ')
04/11/2020, 14:01:23   ('Argument List:', "['irr.py', 'start', '1', '1']", '\n---------------------------------------------- ')
04/11/2020, 14:03:13   ('Argument List:', "['irr.py', 'start', '1', '2']", '\n---------------------------------------------- ')
04/11/2020, 14:04:38   ('Argument List:', "['irr.py', 'start', '1', '1']", '\n---------------------------------------------- ')
04/11/2020, 14:05:55   ('Argument List:', "['irr.py', 'start', '1', '2']", '\n---------------------------------------------- ')
04/11/2020, 14:07:15   ('Argument List:', "['irr.py', 'start', '1', '3']", '\n---------------------------------------------- ')
04/11/2020, 14:08:34   ('Argument List:', "['irr.py', 'start', '1', '4']", '\n---------------------------------------------- ')
04/11/2020, 14:09:48   ('Argument List:', "['irr.py', 'start', '1', '5']", '\n---------------------------------------------- ')
04/11/2020, 14:11:02   ('Argument List:', "['irr.py', 'start', '1', '6']", '\n---------------------------------------------- ')
04/11/2020, 14:18:13   ('Argument List:', "['irr.py', 'start', '1', '4']", '\n---------------------------------------------- ')
04/11/2020, 14:28:27   ('Argument List:', "['irr.py', 'start', '1']", '\n---------------------------------------------- ')
04/11/2020, 14:44:08   ('Argument List:', "['irr.py', 'start', '1', '4']", '\n---------------------------------------------- ')
04/11/2020, 15:04:52   ('Argument List:', "['irr.py', 'start', '1', '1']", '\n---------------------------------------------- ')
04/11/2020, 15:06:22   ('Argument List:', "['irr.py', 'start', '1', '2']", '\n---------------------------------------------- ')
04/11/2020, 15:06:59   ('Argument List:', "['irr.py', 'start', '1', '3']", '\n---------------------------------------------- ')
04/11/2020, 15:07:32   ('Argument List:', "['irr.py', 'start', '1', '6']", '\n---------------------------------------------- ')
04/11/2020, 15:08:08   ('Argument List:', "['irr.py', 'stop']", '\n---------------------------------------------- ')
04/11/2020, 15:08:12   ('Argument List:', "['irr.py', 'start', '1', '6']", '\n---------------------------------------------- ')
04/11/2020, 15:08:26   ('Argument List:', "['irr.py', 'stop']", '\n---------------------------------------------- ')
04/11/2020, 15:08:29   ('Argument List:', "['irr.py', 'start', '1', '5']", '\n---------------------------------------------- ')
04/11/2020, 15:08:40   ('Argument List:', "['irr.py', 'stop']", '\n---------------------------------------------- ')
04/11/2020, 15:08:43   ('Argument List:', "['irr.py', 'start', '1', '4']", '\n---------------------------------------------- ')
04/11/2020, 15:09:39   ('Argument List:', "['irr.py', 'stop']", '\n---------------------------------------------- ')
04/11/2020, 15:09:44   ('Argument List:', "['irr.py', 'start', '1', '3']", '\n---------------------------------------------- ')
04/11/2020, 15:22:26   ('Argument List:', "['irr.py', 'start', '1', '4']", '\n---------------------------------------------- ')
04/11/2020, 15:22:55   ('Argument List:', "['irr.py', 'stop']", '\n---------------------------------------------- ')
04/11/2020, 15:23:50   ('Argument List:', "['irr.py', 'stop']", '\n---------------------------------------------- ')
04/11/2020, 15:23:53   ('Argument List:', "['irr.py', 'start', '1', '4']", '\n---------------------------------------------- ')
04/11/2020, 15:24:21   ('Argument List:', "['irr.py', 'stop']", '\n---------------------------------------------- ')
04/11/2020, 15:26:22   ('Argument List:', "['irr.py', 'start', '1', '4']", '\n---------------------------------------------- ')
04/11/2020, 15:27:15   ('Argument List:', "['irr.py', 'stop']", '\n---------------------------------------------- ')
04/11/2020, 15:27:18   ('Argument List:', "['irr.py', 'start', '1', '4']", '\n---------------------------------------------- ')
04/11/2020, 15:28:55   ('Argument List:', "['irr.py', 'start', '10', '5']", '\n---------------------------------------------- ')
04/11/2020, 15:37:23   ('Argument List:', "['irr.py', 'stop']", '\n---------------------------------------------- ')
04/11/2020, 15:37:33   ('Argument List:', "['irr.py', 'stop']", '\n---------------------------------------------- ')
04/11/2020, 15:39:25   ('Argument List:', "['irr.py', 'start', '1', '4']", '\n---------------------------------------------- ')
04/11/2020, 15:51:07   ('Argument List:', "['irr.py', 'start', '15', '1']", '\n---------------------------------------------- ')
04/11/2020, 15:56:47   ('Argument List:', "['irr.py', 'start', '15', '1', '4']", '\n---------------------------------------------- ')
04/11/2020, 15:57:17   ('Argument List:', "['irr.py', 'stop']", '\n---------------------------------------------- ')
04/11/2020, 15:57:20   ('Argument List:', "['irr.py', 'start', '15', '1', '4']", '\n---------------------------------------------- ')
04/11/2020, 15:57:46   ('Argument List:', "['irr.py', 'start', '15', '4']", '\n---------------------------------------------- ')
04/11/2020, 15:58:15   ('Argument List:', "['irr.py', 'start', '15', '5']", '\n---------------------------------------------- ')
04/11/2020, 15:58:24   ('Argument List:', "['irr.py', 'start', '15', '5', '1']", '\n---------------------------------------------- ')
04/11/2020, 15:58:34   ('Argument List:', "['irr.py', 'start', '15', '5', '2']", '\n---------------------------------------------- ')
04/11/2020, 15:58:41   ('Argument List:', "['irr.py', 'start', '15', '5']", '\n---------------------------------------------- ')
04/11/2020, 15:58:54   ('Argument List:', "['irr.py', 'stop']", '\n---------------------------------------------- ')
04/11/2020, 15:58:56   ('Argument List:', "['irr.py', 'start', '15', '5']", '\n---------------------------------------------- ')
04/11/2020, 15:59:03   ('Argument List:', "['irr.py', 'start', '15', '5']", '\n---------------------------------------------- ')
04/11/2020, 16:02:26   ('Argument List:', "['irr.py', 'stop']", '\n---------------------------------------------- ')
04/11/2020, 16:38:13   ('Argument List:', "['irr.py', 'start', '15', '1']", '\n---------------------------------------------- ')
04/12/2020, 20:25:36   ('Argument List:', "['irr.py', 'start', '15', '5']", '\n---------------------------------------------- ')
04/12/2020, 20:44:36   ('Argument List:', "['irr.py', 'start', '30', '5']", '\n---------------------------------------------- ')
04/12/2020, 21:32:45   ('Argument List:', "['irr.py', 'start', '30', '1']", '\n---------------------------------------------- ')
04/13/2020, 08:37:17   ('Argument List:', "['irr.py', 'start', '30', '1', '5']", '\n---------------------------------------------- ')
04/17/2020, 19:20:39   ('Argument List:', "['irr.py', 'start', '30', '1']", '\n---------------------------------------------- ')
04/17/2020, 19:20:39   turn_off pump;   no water
04/17/2020, 19:20:46   ('Argument List:', "['irr.py', 'start', '30', '1']", '\n---------------------------------------------- ')
04/17/2020, 19:20:46   turn_off pump;   no water
04/17/2020, 19:20:50   ('Argument List:', "['irr.py', 'start', '30', '1']", '\n---------------------------------------------- ')
04/17/2020, 19:20:50   turn_off pump;   no water
04/17/2020, 19:22:03   ('Argument List:', "['irr.py', 'start', '30', '1']", '\n---------------------------------------------- ')
04/17/2020, 19:22:03   turn_off pump;   no water
04/17/2020, 19:22:09   ('Argument List:', "['irr.py', 'start', '30', '1']", '\n---------------------------------------------- ')
04/17/2020, 19:22:09   turn_off pump;   no water
04/17/2020, 19:22:36   ('Argument List:', "['irr.py', 'start', '30', '1']", '\n---------------------------------------------- ')
04/17/2020, 19:22:36   turn_off pump;   no water
04/17/2020, 19:24:10   ('Argument List:', "['irr.py', 'start', '30', '1']", '\n---------------------------------------------- ')
04/17/2020, 19:24:37   ('Argument List:', "['irr.py', 'start', '30', '1']", '\n---------------------------------------------- ')
04/17/2020, 19:24:37   turn_off pump;   no water
04/17/2020, 19:26:03   ('Argument List:', "['irr.py', 'start', '30', '1']", '\n---------------------------------------------- ')
04/17/2020, 20:01:32   ('Argument List:', "['irr.py', 'start', '15', '1', '1']", '\n---------------------------------------------- ')
04/17/2020, 20:02:23   ('Argument List:', "['irr.py', 'start', '15', '5']", '\n---------------------------------------------- ')
04/18/2020, 10:25:55   ('Argument List:', "['irr.py', 'start', '10', '1']", '\n---------------------------------------------- ')
04/18/2020, 17:47:38   ('Argument List:', "['irr.py', 'start', '10', '1']", '\n---------------------------------------------- ')
04/18/2020, 17:48:01   ('Argument List:', "['irr.py', 'start', '10', '5']", '\n---------------------------------------------- ')
04/18/2020, 17:54:49   ('Argument List:', "['irr.py', 'start', '20', '3']", '\n---------------------------------------------- ')
04/18/2020, 18:30:37   ('Argument List:', "['irr.py', 'start', '20', '3']", '\n---------------------------------------------- ')
04/18/2020, 19:11:25   ('Argument List:', "['irr.py', 'stop']", '\n---------------------------------------------- ')
04/19/2020, 20:00:41   ('Argument List:', "['irr.py', 'start', '20', '5']", '\n---------------------------------------------- ')
04/23/2020, 20:54:53   ('Argument List:', "['irr.py', 'start', '20', '5']", '\n---------------------------------------------- ')
04/23/2020, 21:16:41   ('Argument List:', "['irr.py', 'start', '20', '1']", '\n---------------------------------------------- ')
04/23/2020, 22:39:30   ('Argument List:', "['irr.py', 'start', '20', '1', '5']", '\n---------------------------------------------- ')
04/23/2020, 22:43:45   ('Argument List:', "['irr.py', 'start', '20', '5']", '\n---------------------------------------------- ')
04/24/2020, 07:40:12   ('Argument List:', "['irr.py', 'start', '15', '5']", '\n---------------------------------------------- ')
04/24/2020, 09:41:40   ('Argument List:', "['irr.py', 'start', '15', '1']", '\n---------------------------------------------- ')
04/24/2020, 10:53:14   ('Argument List:', "['irr.py', 'start', '15', '2']", '\n---------------------------------------------- ')
04/24/2020, 14:21:31   ('Argument List:', "['irr.py', 'start', '15', '2', '3']", '\n---------------------------------------------- ')
04/24/2020, 14:51:52   ('Argument List:', "['irr.py', 'start', '15', '5']", '\n---------------------------------------------- ')
04/24/2020, 14:52:28   ('Argument List:', "['irr.py', 'start', '15', '2']", '\n---------------------------------------------- ')
04/24/2020, 17:41:46   ('Argument List:', "['irr.py', 'start', '15', '2', '3']", '\n---------------------------------------------- ')
04/24/2020, 17:57:37   ('Argument List:', "['irr.py', 'start', '15', '2', '3']", '\n---------------------------------------------- ')
04/24/2020, 18:57:29   ('Argument List:', "['irr.py', 'start', '15', '2', '3', '4']", '\n---------------------------------------------- ')
04/24/2020, 19:13:33   ('Argument List:', "['irr.py', 'start', '15', '2', '3']", '\n---------------------------------------------- ')
04/24/2020, 19:20:30   ('Argument List:', "['irr.py', 'start', '15', '2', '3']", '\n---------------------------------------------- ')
04/24/2020, 19:21:06   ('Argument List:', "['irr.py', 'start', '15', '5']", '\n---------------------------------------------- ')
04/24/2020, 19:23:17   ('Argument List:', "['irr.py', 'start', '15', '1']", '\n---------------------------------------------- ')
04/24/2020, 19:25:59   ('Argument List:', "['irr.py', 'start', '15', '5']", '\n---------------------------------------------- ')
04/24/2020, 19:26:34   ('Argument List:', "['irr.py', 'start', '15', '5']", '\n---------------------------------------------- ')
04/24/2020, 19:25:54   ('Argument List:', "['irr.py', 'start', '15', '5']", '\n---------------------------------------------- ')
04/25/2020, 10:35:07   ('Argument List:', "['irr.py', 'start', '15', '3', '4']", '\n---------------------------------------------- ')
04/25/2020, 10:41:46   ('Argument List:', "['irr.py', 'start', '15', '4']", '\n---------------------------------------------- ')
04/25/2020, 10:49:11   ('Argument List:', "['irr.py', 'status']", '\n---------------------------------------------- ')
04/25/2020, 10:57:24   ('Argument List:', "['irr.py', 'status']", '\n---------------------------------------------- ')
04/25/2020, 10:57:28   ('Argument List:', "['irr.py', 'status']", '\n---------------------------------------------- ')
04/25/2020, 10:57:49   ('Argument List:', "['irr.py', 'status']", '\n---------------------------------------------- ')
04/25/2020, 10:57:57   ('Argument List:', "['irr.py', 'status']", '\n---------------------------------------------- ')
04/25/2020, 10:59:01   ('Argument List:', "['irr.py', 'status']", '\n---------------------------------------------- ')
04/25/2020, 11:01:50   ('Argument List:', "['irr.py', 'status']", '\n---------------------------------------------- ')
04/25/2020, 11:01:53   ('Argument List:', "['irr.py', 'start', '15', '4']", '\n---------------------------------------------- ')
04/25/2020, 11:20:02   ('Argument List:', "['irr.py', 'status']", '\n---------------------------------------------- ')
04/25/2020, 11:20:05   ('Argument List:', "['irr.py', 'status']", '\n---------------------------------------------- ')
04/25/2020, 11:20:15   ('Argument List:', "['irr.py', 'start', '15', '4', '2']", '\n---------------------------------------------- ')
04/25/2020, 11:51:05   ('Argument List:', "['irr.py', 'start', '15', '4', '2', '3']", '\n---------------------------------------------- ')
04/25/2020, 12:06:36   ('Argument List:', "['irr.py', 'start', '15', '4', '2']", '\n---------------------------------------------- ')
04/25/2020, 12:22:22   ('Argument List:', "['irr.py', 'start', '15', '4', '2', '3']", '\n---------------------------------------------- ')
04/25/2020, 12:37:49   ('Argument List:', "['irr.py', 'start', '15', '4', '2', '3']", '\n---------------------------------------------- ')
04/25/2020, 13:08:11   ('Argument List:', "['irr.py', 'start', '15', '1']", '\n---------------------------------------------- ')
04/25/2020, 13:08:47   ('Argument List:', "['irr.py', 'start', '5', '1']", '\n---------------------------------------------- ')
04/25/2020, 13:09:00   ('Argument List:', "['irr.py', 'start', '5', '5']", '\n---------------------------------------------- ')
04/25/2020, 13:09:27   ('Argument List:', "['irr.py', 'start', '5', '1']", '\n---------------------------------------------- ')
04/25/2020, 16:59:39   ('Argument List:', "['irr.py', 'start', '15', '1']", '\n---------------------------------------------- ')
04/25/2020, 16:59:48   ('Argument List:', "['irr.py', 'start', '15', '5']", '\n---------------------------------------------- ')
04/25/2020, 17:00:10   ('Argument List:', "['irr.py', 'start', '15', '1']", '\n---------------------------------------------- ')
04/25/2020, 17:15:36   ('Argument List:', "['irr.py', 'start', '15', '1']", '\n---------------------------------------------- ')
04/25/2020, 17:30:59   ('Argument List:', "['irr.py', 'start', '15', '1']", '\n---------------------------------------------- ')
04/25/2020, 17:34:58   ('Argument List:', "['irr.py', 'start', '15', '5']", '\n---------------------------------------------- ')
04/25/2020, 17:45:09   ('Argument List:', "['irr.py', 'start', '15', '5', '1']", '\n---------------------------------------------- ')
04/25/2020, 18:02:00   ('Argument List:', "['irr.py', 'status']", '\n---------------------------------------------- ')
04/25/2020, 20:53:43   ('Argument List:', "['irr.py', 'status']", '\n---------------------------------------------- ')
04/25/2020, 20:53:43   turn_off pump;   no water
04/25/2020, 20:55:12   ('Argument List:', "['irr.py', 'status']", '\n---------------------------------------------- ')
04/25/2020, 20:55:27   ('Argument List:', "['irr.py', 'start', '15', '5']", '\n---------------------------------------------- ')
04/26/2020, 15:25:03   ('Argument List:', "['irr.py', 'start', '15', '5']", '\n---------------------------------------------- ')
04/26/2020, 15:25:44   ('Argument List:', "['irr.py', 'start', '15', '5', '1']", '\n---------------------------------------------- ')
04/26/2020, 15:42:29   ('Argument List:', "['irr.py', 'start', '15', '5', '4']", '\n---------------------------------------------- ')
04/26/2020, 15:58:11   ('Argument List:', "['irr.py', 'start', '15', '5', '4']", '\n---------------------------------------------- ')
04/26/2020, 15:59:16   ('Argument List:', "['irr.py', 'start', '15', '5', '4']", '\n---------------------------------------------- ')
04/26/2020, 16:00:06   turn_off pump;   no water
04/26/2020, 16:05:39   ('Argument List:', "['irr.py', 'status']", '\n---------------------------------------------- ')
04/26/2020, 16:05:44   ('Argument List:', "['irr.py', 'start', '15', '5', '4']", '\n---------------------------------------------- ')
04/26/2020, 16:08:54   turn_off pump;   no water
04/30/2020, 21:41:29   ('Argument List:', "['irr.py', 'start', '15', '5']", '\n---------------------------------------------- ')
04/30/2020, 22:02:17   ('Argument List:', "['irr.py', 'start', '15', '1']", '\n---------------------------------------------- ')
04/30/2020, 22:18:11   ('Argument List:', "['irr.py', 'start', '15', '5', '1']", '\n---------------------------------------------- ')
04/30/2020, 22:36:01   ('Argument List:', "['irr.py', 'start', '15', '5', '1']", '\n---------------------------------------------- ')
04/30/2020, 22:40:21   turn_off pump;   no water
